Log file open, 10/03/17 22:15:59
LogWindows: LoadLibraryWithSearchPaths failed for file aqProf.dll. GetLastError=0
LogWindows: LoadLibraryWithSearchPaths failed for file VSPerf140.dll. GetLastError=0
LogWindows: LoadLibraryWithSearchPaths failed for file VtuneApi.dll. GetLastError=0
LogWindows: LoadLibraryWithSearchPaths failed for file VtuneApi32e.dll. GetLastError=0
LogInit: Display: Running engine for game: BattleTank
LogPlatformFile: Not using cached read wrapper
LogInit: Display: RandInit(226310967) SRandInit(226310967).
LogTaskGraph: Started task graph with 5 named threads and 14 total threads with 3 sets of task threads.
LogStats: Stats thread started at 0.199724
LogD3D11RHI: Aftermath initialized
LogPluginManager: Mounting plugin Paper2D
LogPluginManager: Mounting plugin LightPropagationVolume
LogPluginManager: Mounting plugin CodeLiteSourceCodeAccess
LogPluginManager: Mounting plugin GitSourceControl
LogPluginManager: Mounting plugin KDevelopSourceCodeAccess
LogPluginManager: Mounting plugin NullSourceCodeAccess
LogPluginManager: Mounting plugin PerforceSourceControl
LogPluginManager: Mounting plugin SubversionSourceControl
LogPluginManager: Mounting plugin UObjectPlugin
LogPluginManager: Mounting plugin VisualStudioSourceCodeAccess
LogPluginManager: Mounting plugin XCodeSourceCodeAccess
LogPluginManager: Mounting plugin AssetManagerEditor
LogPluginManager: Mounting plugin AudioCapture
LogPluginManager: Mounting plugin FacialAnimation
LogPluginManager: Mounting plugin GameplayTagsEditor
LogPluginManager: Mounting plugin MobileLauncherProfileWizard
LogPluginManager: Mounting plugin PluginBrowser
LogPluginManager: Mounting plugin SpeedTreeImporter
LogPluginManager: Mounting plugin AlembicImporter
LogPluginManager: Mounting plugin CharacterAI
LogPluginManager: Mounting plugin HTML5Networking
LogPluginManager: Mounting plugin AndroidMedia
LogPluginManager: Mounting plugin AvfMedia
LogPluginManager: Mounting plugin MediaPlayerEditor
LogPluginManager: Mounting plugin WmfMedia
LogPluginManager: Mounting plugin TcpMessaging
LogPluginManager: Mounting plugin UdpMessaging
LogPluginManager: Mounting plugin LevelSequenceEditor
LogPluginManager: Mounting plugin MatineeToLevelSequence
LogPluginManager: Mounting plugin OnlineSubsystemGooglePlay
LogPluginManager: Mounting plugin OnlineSubsystemIOS
LogPluginManager: Mounting plugin OnlineSubsystem
LogPluginManager: Mounting plugin OnlineSubsystemNull
LogPluginManager: Mounting plugin OnlineSubsystemUtils
LogPluginManager: Mounting plugin AndroidDeviceProfileSelector
LogPluginManager: Mounting plugin AndroidMoviePlayer
LogPluginManager: Mounting plugin AndroidPermission
LogPluginManager: Mounting plugin AppleMoviePlayer
LogPluginManager: Mounting plugin ArchVisCharacter
LogPluginManager: Mounting plugin CableComponent
LogPluginManager: Mounting plugin CustomMeshComponent
LogPluginManager: Mounting plugin ExampleDeviceProfileSelector
LogPluginManager: Mounting plugin GoogleCloudMessaging
LogPluginManager: Mounting plugin ImmediatePhysics
LogPluginManager: Mounting plugin IOSDeviceProfileSelector
LogPluginManager: Mounting plugin LinuxDeviceProfileSelector
LogPluginManager: Mounting plugin LocationServicesBPLibrary
LogPluginManager: Mounting plugin MobilePatchingUtils
LogPluginManager: Mounting plugin OculusVR
LogPluginManager: Mounting plugin PhysXVehicles
LogPluginManager: Mounting plugin ProceduralMeshComponent
LogPluginManager: Mounting plugin RuntimePhysXCooking
LogPluginManager: Mounting plugin SteamVR
LogPluginManager: Mounting plugin WindowsMoviePlayer
LogInit: Using libcurl 7.47.1
LogInit:  - built for x86_64-pc-win32
LogInit:  - supports SSL with OpenSSL/1.0.2g
LogInit:  - supports HTTP deflate (compression) using libz 1.2.8
LogInit:  - other features:
LogInit:      CURL_VERSION_SSL
LogInit:      CURL_VERSION_LIBZ
LogInit:      CURL_VERSION_IPV6
LogInit:      CURL_VERSION_ASYNCHDNS
LogInit:      CURL_VERSION_LARGEFILE
LogInit:      CURL_VERSION_IDN
LogInit:  CurlRequestOptions (configurable via config and command line):
LogInit:  - bVerifyPeer = false  - Libcurl will NOT verify peer certificate
LogInit:  - bUseHttpProxy = false  - Libcurl will NOT use HTTP proxy
LogInit:  - bDontReuseConnections = false  - Libcurl will reuse connections
LogInit:  - CertBundlePath = nullptr  - Libcurl will use whatever was configured at build time.
LogInit: Build: ++UE4+Release-4.17-CL-3586342
LogInit: Engine Version: 4.17.1-3586342+++UE4+Release-4.17
LogInit: Compatible Engine Version: 4.17.0-3573198+++UE4+Release-4.17
LogInit: Net CL: 3573198
LogDevObjectVersion: Number of dev versions registered: 16
LogDevObjectVersion:   Dev-Blueprints (B0D832E4-1F89-4F0D-ACCF-7EB736FD4AA2): 10
LogDevObjectVersion:   Dev-Build (E1C64328-A22C-4D53-A36C-8E866417BD8C): 0
LogDevObjectVersion:   Dev-Core (375EC13C-06E4-48FB-B500-84F0262A717E): 2
LogDevObjectVersion:   Dev-Editor (E4B068ED-F494-42E9-A231-DA0B2E46BB41): 20
LogDevObjectVersion:   Dev-Framework (CFFC743F-43B0-4480-9391-14DF171D2073): 28
LogDevObjectVersion:   Dev-Mobile (B02B49B5-BB20-44E9-A304-32B752E40360): 0
LogDevObjectVersion:   Dev-Networking (A4E4105C-59A1-49B5-A7C5-40C4547EDFEE): 0
LogDevObjectVersion:   Dev-Online (39C831C9-5AE6-47DC-9A44-9C173E1C8E7C): 0
LogDevObjectVersion:   Dev-Physics (78F01B33-EBEA-4F98-B9B4-84EACCB95AA2): 0
LogDevObjectVersion:   Dev-Platform (6631380F-2D4D-43E0-8009-CF276956A95A): 0
LogDevObjectVersion:   Dev-Rendering (12F88B9F-8875-4AFC-A67C-D90C383ABD29): 19
LogDevObjectVersion:   Dev-Sequencer (7B5AE74C-D270-4C10-A958-57980B212A5A): 4
LogDevObjectVersion:   Dev-VR (D7296918-1DD6-4BDD-9DE2-64A83CC13884): 0
LogDevObjectVersion:   Dev-LoadTimes (C2A15278-BFE7-4AFE-6C17-90FF531DF755): 1
LogDevObjectVersion:   Private-Geometry (6EACA3D4-40EC-4CC1-B786-8BED09428FC5): 1
LogDevObjectVersion:   Dev-AnimPhys (29E575DD-E0A3-4627-9D10-D276232CDCEA): 7
LogInit: Compiled (64-bit): Aug 15 2017 02:05:26
LogInit: Compiled with Visual C++: 19.00.24215.01
LogInit: Build Configuration: Development
LogInit: Branch Name: ++UE4+Release-4.17
LogInit: Command line: -EpicPortal 
LogInit: Base directory: C:/Program Files/Epic Games/UE_4.17/Engine/Binaries/Win64/
LogInit: Installed Engine Build: 1
LogInit: Presizing for max 8388607 objects, including 0 objects not considered by GC, pre-allocating 0 bytes for permanent pool.
LogInit: Object subsystem initialized
[2017.10.04-02.16.01:188][  0]LogInit: Selected Device Profile: [Windows]
[2017.10.04-02.16.01:188][  0]LogInit: Applying CVar settings loaded from the selected device profile: [Windows]
[2017.10.04-02.16.01:198][  0]LogInit: Computer: DESKTOP-G1UAKUU
[2017.10.04-02.16.01:198][  0]LogInit: User: samde
[2017.10.04-02.16.01:198][  0]LogInit: CPU Page size=4096, Cores=4
[2017.10.04-02.16.01:198][  0]LogInit: High frequency timer resolution =2.742188 MHz
[2017.10.04-02.16.01:199][  0]LogMemory: Memory total: Physical=15.9GB (16GB approx)
[2017.10.04-02.16.01:199][  0]LogMemory: Platform Memory Stats for Windows
[2017.10.04-02.16.01:199][  0]LogMemory: Process Physical Memory: 278.00 MB used, 278.00 MB peak
[2017.10.04-02.16.01:199][  0]LogMemory: Process Virtual Memory: 274.09 MB used, 274.09 MB peak
[2017.10.04-02.16.01:199][  0]LogMemory: Physical Memory: 6503.49 MB used,  9746.78 MB free, 16250.27 MB total
[2017.10.04-02.16.01:199][  0]LogMemory: Virtual Memory: 668.79 MB used,  9746.78 MB free, 134217728.00 MB total
[2017.10.04-02.16.01:411][  0]LogInit: Using OS detected language (en-US).
[2017.10.04-02.16.01:411][  0]LogInit: Using OS detected locale (en-US).
[2017.10.04-02.16.01:414][  0]LogTextLocalizationManager: No specific localization for 'en-US' exists, so the 'en' localization will be used.
[2017.10.04-02.16.02:328][  0]LogD3D11RHI: D3D11 adapters:
[2017.10.04-02.16.03:358][  0]LogD3D11RHI:    0. 'NVIDIA GeForce GTX 1050 Ti' (Feature Level 11_0)
[2017.10.04-02.16.03:358][  0]LogD3D11RHI:       4014/0/8125 MB DedicatedVideo/DedicatedSystem/SharedSystem, Outputs:1, VendorId:0x10de
[2017.10.04-02.16.03:368][  0]LogD3D11RHI:    1. 'Intel(R) HD Graphics 630' (Feature Level 11_0)
[2017.10.04-02.16.03:368][  0]LogD3D11RHI:       128/0/8125 MB DedicatedVideo/DedicatedSystem/SharedSystem, Outputs:0, VendorId:0x8086
[2017.10.04-02.16.03:372][  0]LogD3D11RHI:    2. 'Microsoft Basic Render Driver' (Feature Level 11_0)
[2017.10.04-02.16.03:372][  0]LogD3D11RHI:       0/0/8125 MB DedicatedVideo/DedicatedSystem/SharedSystem, Outputs:0, VendorId:0x1414
[2017.10.04-02.16.03:372][  0]LogD3D11RHI: Chosen D3D11 Adapter: 0
[2017.10.04-02.16.03:379][  0]LogD3D11RHI: Creating new Direct3DDevice
[2017.10.04-02.16.03:379][  0]LogD3D11RHI:     GPU DeviceId: 0x1c8c (for the marketing name, search the web for "GPU Device Id")
[2017.10.04-02.16.03:379][  0]LogWindows: EnumDisplayDevices:
[2017.10.04-02.16.03:380][  0]LogWindows:    0. 'Intel(R) HD Graphics 630' (P:1 D:1)
[2017.10.04-02.16.03:380][  0]LogWindows:    1. 'Intel(R) HD Graphics 630' (P:0 D:0)
[2017.10.04-02.16.03:380][  0]LogWindows:    2. 'Intel(R) HD Graphics 630' (P:0 D:0)
[2017.10.04-02.16.03:380][  0]LogWindows:    3. 'NVIDIA GeForce GTX 1050 Ti' (P:0 D:0)
[2017.10.04-02.16.03:380][  0]LogWindows: DebugString: PrimaryIsNotTheChoosenAdapter PrimaryIsNotTheChoosenAdapter PrimaryIsNotTheChoosenAdapter 
[2017.10.04-02.16.03:380][  0]LogD3D11RHI:     Adapter Name: NVIDIA GeForce GTX 1050 Ti
[2017.10.04-02.16.03:380][  0]LogD3D11RHI:   Driver Version: 384.77 (internal:22.21.13.8477, unified:384.77)
[2017.10.04-02.16.03:380][  0]LogD3D11RHI:      Driver Date: 6-29-2017
[2017.10.04-02.16.03:380][  0]LogRHI: Texture pool is 1361 MB (70% of 1945 MB)
[2017.10.04-02.16.04:308][  0]LogD3D11RHI: Async texture creation enabled
[2017.10.04-02.16.04:347][  0]LogD3D11RHI: GPU Timing Frequency: 1000.000000 (Debug: 2 1)
[2017.10.04-02.16.04:349][  0]LogShaderCompilers: Guid format shader working directory is -2 characters bigger than the processId version (D:/GitRepos/04_BattleTank/BattleTank/BattleTank/Intermediate/Shaders/WorkingDirectory/17336/).
[2017.10.04-02.16.04:349][  0]LogShaderCompilers: Cleaned the shader compiler working directory 'C:/Users/samde/AppData/Local/Temp/UnrealShaderWorkingDir/9BE91B3F49D80F31BCBC9BA1C4E399EF/'.
[2017.10.04-02.16.04:349][  0]LogShaderCompilers: Display: Using Local Shader Compiler.
[2017.10.04-02.16.05:619][  0]LogTemp: Display: Loaded TP AllDesktopTargetPlatform
[2017.10.04-02.16.05:692][  0]LogTemp: Display: Loaded TP MacClientTargetPlatform
[2017.10.04-02.16.05:745][  0]LogTemp: Display: Loaded TP MacNoEditorTargetPlatform
[2017.10.04-02.16.05:815][  0]LogTemp: Display: Loaded TP MacServerTargetPlatform
[2017.10.04-02.16.05:873][  0]LogTemp: Display: Loaded TP MacTargetPlatform
[2017.10.04-02.16.05:931][  0]LogTemp: Display: Loaded TP WindowsClientTargetPlatform
[2017.10.04-02.16.05:989][  0]LogTemp: Display: Loaded TP WindowsNoEditorTargetPlatform
[2017.10.04-02.16.06:042][  0]LogTemp: Display: Loaded TP WindowsServerTargetPlatform
[2017.10.04-02.16.06:099][  0]LogTemp: Display: Loaded TP WindowsTargetPlatform
[2017.10.04-02.16.06:160][  0]LogTemp: Display: Loaded TP AndroidTargetPlatform
[2017.10.04-02.16.06:213][  0]LogTemp: Display: Loaded TP Android_ASTCTargetPlatform
[2017.10.04-02.16.06:260][  0]LogTemp: Display: Loaded TP Android_ATCTargetPlatform
[2017.10.04-02.16.06:307][  0]LogTemp: Display: Loaded TP Android_DXTTargetPlatform
[2017.10.04-02.16.06:360][  0]LogTemp: Display: Loaded TP Android_ETC1TargetPlatform
[2017.10.04-02.16.06:426][  0]LogTemp: Display: Loaded TP Android_ETC2TargetPlatform
[2017.10.04-02.16.06:538][  0]LogTemp: Display: Loaded TP Android_MultiTargetPlatform
[2017.10.04-02.16.06:538][  0]LogTemp: Display: Loaded TP Android_PVRTCTargetPlatform
[2017.10.04-02.16.06:588][  0]LogTemp: Display: Loaded TP HTML5TargetPlatform
[2017.10.04-02.16.06:715][  0]LogTemp: Display: Loaded TP IOSTargetPlatform
[2017.10.04-02.16.06:767][  0]LogTemp: Display: Loaded TP TVOSTargetPlatform
[2017.10.04-02.16.06:828][  0]LogTemp: Display: Loaded TP LinuxClientTargetPlatform
[2017.10.04-02.16.06:895][  0]LogTemp: Display: Loaded TP LinuxNoEditorTargetPlatform
[2017.10.04-02.16.06:955][  0]LogTemp: Display: Loaded TP LinuxServerTargetPlatform
[2017.10.04-02.16.07:011][  0]LogTemp: Display: Loaded TP LinuxTargetPlatform
[2017.10.04-02.16.07:011][  0]LogTargetPlatformManager: Display: Building Assets For Windows
[2017.10.04-02.16.07:526][  0]LogDerivedDataCache: Display: Max Cache Size: 512 MB
[2017.10.04-02.16.07:651][  0]LogDerivedDataCache: Loaded boot cache 0.13s 93MB C:/Users/samde/AppData/Local/UnrealEngine/4.17/DerivedDataCache/Boot.ddc.
[2017.10.04-02.16.07:651][  0]LogDerivedDataCache: Display: Loaded Boot cache: C:/Users/samde/AppData/Local/UnrealEngine/4.17/DerivedDataCache/Boot.ddc
[2017.10.04-02.16.07:651][  0]LogDerivedDataCache: FDerivedDataBackendGraph:  Pak pak cache file D:/GitRepos/04_BattleTank/BattleTank/BattleTank/DerivedDataCache/DDC.ddp not found, will not use a pak cache.
[2017.10.04-02.16.07:651][  0]LogDerivedDataCache: Unable to find inner node Pak for hierarchical cache Hierarchy.
[2017.10.04-02.16.07:652][  0]LogDerivedDataCache: FDerivedDataBackendGraph:  CompressedPak pak cache file D:/GitRepos/04_BattleTank/BattleTank/BattleTank/DerivedDataCache/Compressed.ddp not found, will not use a pak cache.
[2017.10.04-02.16.07:652][  0]LogDerivedDataCache: Unable to find inner node CompressedPak for hierarchical cache Hierarchy.
[2017.10.04-02.16.07:670][  0]LogDerivedDataCache: Display: Pak cache opened for reading ../../../Engine/DerivedDataCache/Compressed.ddp.
[2017.10.04-02.16.07:682][  0]LogDerivedDataCache: Using Local data cache path C:/Users/samde/AppData/Local/UnrealEngine/Common/DerivedDataCache: Writable
[2017.10.04-02.16.07:694][  0]LogMaterial: Verifying Global Shaders for PCD3D_SM5
[2017.10.04-02.16.07:694][  0]LogSlate: Using Freetype 2.6.0
[2017.10.04-02.16.07:695][  0]LogSlate: SlateFontCache - WITH_FREETYPE: 1, WITH_HARFBUZZ: 1
[2017.10.04-02.16.07:695][  0]LogSlate: SlateFontCache - WITH_FREETYPE: 1, WITH_HARFBUZZ: 1
[2017.10.04-02.16.07:977][  0]LogAssetRegistry: FAssetRegistry took 0.0251 seconds to start up
[2017.10.04-02.16.08:102][  0]LogInit: Selected Device Profile: [Windows]
[2017.10.04-02.16.08:311][  0]LogContentStreaming: Texture pool size is 0.00 MB
[2017.10.04-02.16.08:828][  0]LogSimplygon: Simplygon DLL not present - disabling.
[2017.10.04-02.16.08:891][  0]LogMeshReduction: Using SimplygonSwarm for distributed automatic mesh merging
[2017.10.04-02.16.08:891][  0]LogMeshReduction: Using QuadricMeshReduction for automatic static mesh reduction
[2017.10.04-02.16.08:891][  0]LogMeshReduction: No automatic skeletal mesh reduction module available
[2017.10.04-02.16.08:891][  0]LogMeshReduction: No automatic mesh merging module available
[2017.10.04-02.16.08:891][  0]LogMeshMerging: No automatic mesh merging module available
[2017.10.04-02.16.09:385][  0]LogNetVersion: BattleTank , NetCL: 3573198, EngineNetVer: 2, GameNetVer: 0 (Checksum: 245269811)
[2017.10.04-02.16.09:748][  0]LogPackageLocalizationCache: Processed 5 localized package path(s) for 2 prioritized culture(s) in 0.074528 seconds
[2017.10.04-02.16.09:761][  0]LogUObjectArray: 35825 objects as part of root set at end of initial load.
[2017.10.04-02.16.09:761][  0]LogUObjectAllocator: 7529112 out of 0 bytes used by permanent object pool.
[2017.10.04-02.16.09:761][  0]LogUObjectArray: CloseDisregardForGC: 0/0 objects in disregard for GC pool
[2017.10.04-02.16.09:848][  0]LogInit: WinSock: version 1.1 (2.2), MaxSocks=32767, MaxUdp=65467
[2017.10.04-02.16.14:078][  0]LogTcpMessaging: Initializing TcpMessaging bridge
[2017.10.04-02.16.14:152][  0]LogUdpMessaging: Initializing bridge on interface 0.0.0.0:0 to multicast group 230.0.0.1:6666.
[2017.10.04-02.16.15:310][  0]LogMaterial: Uniform references updated for custom material expression Custom.
[2017.10.04-02.16.15:923][  0]SourceControl: Source control is disabled
[2017.10.04-02.16.15:923][  0]SourceControl: Source control is disabled
[2017.10.04-02.16.15:986][  0]SourceControl: Source control is disabled
[2017.10.04-02.16.16:040][  0]SourceControl: Source control is disabled
[2017.10.04-02.16.16:836][  0]LogAndroidPermission: UAndroidPermissionCallbackProxy::GetInstance
[2017.10.04-02.16.17:142][  0]LogOcInput: OculusInput pre-init called
[2017.10.04-02.16.17:457][  0]LogEngine: Initializing Engine...
[2017.10.04-02.16.17:458][  0]LogHMD: Failed to initialize OpenVR with code 110
[2017.10.04-02.16.17:797][  0]LogStats: UGameplayTagsManager::ConstructGameplayTagTree: Construct from data asset -  0.000 s
[2017.10.04-02.16.17:797][  0]LogStats: UGameplayTagsManager::ConstructGameplayTagTree: GameplayTagTreeChangedEvent.Broadcast -  0.000 s
[2017.10.04-02.16.17:960][  0]LogAIModule: Creating AISystem for world Untitled
[2017.10.04-02.16.17:967][  0]LogInit: XAudio2 using 'Speakers / Headphones (Realtek Audio)' : 2 channels at 48 kHz using 32 bits per sample (channel mask 0x3)
[2017.10.04-02.16.18:042][  0]LogInit: FAudioDevice initialized.
[2017.10.04-02.16.18:156][  0]LogDerivedDataCache: Saved boot cache 0.11s 93MB C:/Users/samde/AppData/Local/UnrealEngine/4.17/DerivedDataCache/Boot.ddc.
[2017.10.04-02.16.18:170][  0]LogInit: Texture streaming: Enabled
[2017.10.04-02.16.18:315][  0]LogEngineSessionManager: EngineSessionManager initialized
[2017.10.04-02.16.18:557][  0]LogInit: Transaction tracking system initialized
[2017.10.04-02.16.18:937][  0]BlueprintLog: New page: Editor Load
[2017.10.04-02.16.20:266][  0]LocalizationService: Localization service is disabled
[2017.10.04-02.16.20:991][  0]LogConsoleResponse: Display: 
[2017.10.04-02.16.21:196][  0]LogFileCache: Scanning file cache for directory 'D:/GitRepos/04_BattleTank/BattleTank/BattleTank/Content/' took 0.01s
[2017.10.04-02.16.21:196][  0]LogCook: Display: Max memory allowance for cook 16384mb min free memory 0mb
[2017.10.04-02.16.21:196][  0]LogCook: Display: Mobile HDR setting 1
[2017.10.04-02.16.21:197][  0]LogGameplayTags: Display: UGameplayTagsManager::DoneAddingNativeTags. DelegateIsBound: 0
[2017.10.04-02.16.22:352][  0]SourceControl: Source control is disabled
[2017.10.04-02.16.22:353][  0]Cmd: MAP LOAD FILE="../../../Engine/Content/Maps/Templates/Template_Default.umap" TEMPLATE=1 SHOWPROGRESS=1 FEATURELEVEL=3
[2017.10.04-02.16.22:353][  0]LightingResults: New page: Lighting Build
[2017.10.04-02.16.22:399][  0]MapCheck: New page: Map Check
[2017.10.04-02.16.22:399][  0]LightingResults: New page: Lighting Build
[2017.10.04-02.16.22:591][  0]LogAIModule: Creating AISystem for world Untitled_1
[2017.10.04-02.16.22:602][  0]LogEditorServer: Finished looking for orphan Actors (0.000 secs)
[2017.10.04-02.16.22:617][  0]Cmd: MAP CHECKDEP NOCLEARLOG
[2017.10.04-02.16.22:669][  0]MapCheck: Map check complete: 0 Error(s), 0 Warning(s), took 51.397ms to complete.
[2017.10.04-02.16.22:669][  0]LogFileHelpers: Loading map 'Template_Default' took 0.317
[2017.10.04-02.16.22:984][  0]LogCollectionManager: Loaded 0 collections in 0.003143 seconds
[2017.10.04-02.16.23:127][  0]LogFileCache: Scanning file cache for directory 'D:/GitRepos/04_BattleTank/BattleTank/BattleTank/Saved/Collections/' took 0.01s
[2017.10.04-02.16.23:127][  0]LogFileCache: Scanning file cache for directory 'D:/GitRepos/04_BattleTank/BattleTank/BattleTank/Content/Developers/samde/Collections/' took 0.01s
[2017.10.04-02.16.23:127][  0]LogFileCache: Scanning file cache for directory 'D:/GitRepos/04_BattleTank/BattleTank/BattleTank/Content/Collections/' took 0.01s
[2017.10.04-02.16.23:127][  0]LogCollectionManager: Rebuilt the GUID cache for 0 collections in 0.000001 seconds
[2017.10.04-02.16.23:141][  0]LogContentBrowser: Native class hierarchy populated in 0.0119 seconds. Added 2388 classes and 504 folders.
[2017.10.04-02.16.23:233][  0]LogContentBrowser: Native class hierarchy updated for 'WidgetCarousel' in 0.0018 seconds. Added 0 classes and 0 folders.
[2017.10.04-02.16.23:801][  0]LogContentBrowser: Native class hierarchy updated for 'AddContentDialog' in 0.0016 seconds. Added 0 classes and 0 folders.
[2017.10.04-02.16.23:895][  0]LogSlate: Took 0.001140 seconds to synchronously load lazily loaded font '../../../Engine/Content/Slate/Fonts/Roboto-Regular.ttf' (155K)
[2017.10.04-02.16.23:906][  0]LogSlate: Took 0.000290 seconds to synchronously load lazily loaded font '../../../Engine/Content/Slate/Fonts/Roboto-Bold.ttf' (160K)
[2017.10.04-02.16.24:050][  0]LogRenderer: Reallocating scene render targets to support 1192x708 Format 10 NumSamples 1 (Frame:1).
[2017.10.04-02.16.24:357][  0]LogContentBrowser: Native class hierarchy updated for 'HierarchicalLODOutliner' in 0.0016 seconds. Added 1 classes and 2 folders.
[2017.10.04-02.16.24:357][  0]LogLoad: (Engine Initialization) Total time: 25.69 seconds
[2017.10.04-02.16.24:357][  0]LogLoad: (Engine Initialization) Total Blueprint compile time: 0.00 seconds
[2017.10.04-02.16.24:357][  0]LogExternalProfiler: No external profilers were discovered.  External profiling features will not be available.
[2017.10.04-02.16.24:367][  0]LogWindowsTextInputMethodSystem: Display: IME system now deactivated.
[2017.10.04-02.16.24:397][  0]LogContentStreaming: Texture pool size now 1000 MB
[2017.10.04-02.16.24:448][  1]LogAssetRegistry: Asset discovery search completed in 16.4916 seconds
[2017.10.04-02.16.24:450][  1]LogCollectionManager: Rebuilt the object cache for 0 collections in 0.000001 seconds (found 0 objects)
[2017.10.04-02.16.24:450][  1]LogCollectionManager: Fixed up redirectors for 0 collections in 0.000066 seconds (updated 0 objects)
[2017.10.04-02.16.47:593][135]LogEditorViewport: Clicking on Actor (LMB): StaticMeshActor (Floor)
[2017.10.04-02.16.47:845][135]LogSlate: Took 0.004689 seconds to synchronously load lazily loaded font '../../../Engine/Content/Editor/Slate/Fonts/FontAwesome.ttf' (139K)
[2017.10.04-02.17.40:797][379]LogSlate: Took 0.000143 seconds to synchronously load lazily loaded font '../../../Engine/Content/Slate/Fonts/Roboto-Light.ttf' (159K)
[2017.10.04-02.17.41:283][379]Cmd: OBJ SAVEPACKAGE PACKAGE="/Game/BattleGround" FILE="D:/GitRepos/04_BattleTank/BattleTank/BattleTank/Content/BattleGround.umap" SILENT=true AUTOSAVING=false KEEPDIRTY=false
[2017.10.04-02.17.41:334][379]LogSavePackage: Save=32.92ms
[2017.10.04-02.17.41:334][379]LogSavePackage: Moving 'D:/GitRepos/04_BattleTank/BattleTank/BattleTank/Saved/BattleGround21074069477BADEC5C8639A1E8AECD32.tmp' to 'D:/GitRepos/04_BattleTank/BattleTank/BattleTank/Content/BattleGround.umap'
[2017.10.04-02.17.41:335][379]LogSavePackage: Display: Finished SavePackage D:/GitRepos/04_BattleTank/BattleTank/BattleTank/Content/BattleGround.umap
[2017.10.04-02.17.41:404][379]Cmd: OBJ SAVEPACKAGE PACKAGE="/Game/BattleGround_BuiltData" FILE="D:/GitRepos/04_BattleTank/BattleTank/BattleTank/Content/BattleGround_BuiltData.uasset" SILENT=true
[2017.10.04-02.17.41:419][379]LogSavePackage: Save=12.79ms
[2017.10.04-02.17.41:420][379]LogSavePackage: Moving 'D:/GitRepos/04_BattleTank/BattleTank/BattleTank/Saved/BattleGround_BuiltData54C75AAD4225A67D7CB8BD8AB75FBDC2.tmp' to 'D:/GitRepos/04_BattleTank/BattleTank/BattleTank/Content/BattleGround_BuiltData.uasset'
[2017.10.04-02.17.41:420][379]LogSavePackage: Display: Finished SavePackage D:/GitRepos/04_BattleTank/BattleTank/BattleTank/Content/BattleGround_BuiltData.uasset
[2017.10.04-02.17.41:427][379]LogFileHelpers: Saving map 'BattleGround' took 0.687
[2017.10.04-02.17.41:427][379]Cmd: MAP LOAD FILE="D:/GitRepos/04_BattleTank/BattleTank/BattleTank/Content/BattleGround.umap" TEMPLATE=0 SHOWPROGRESS=1 FEATURELEVEL=3
[2017.10.04-02.17.41:455][379]LightingResults: New page: Lighting Build
[2017.10.04-02.17.41:456][379]LoadErrors: New page: Loading map: BattleGround.umap
[2017.10.04-02.17.41:471][379]MapCheck: New page: Map Check
[2017.10.04-02.17.41:471][379]LightingResults: New page: Lighting Build
[2017.10.04-02.17.41:531][379]LogAIModule: Creating AISystem for world BattleGround
[2017.10.04-02.17.41:546][379]LogEditorServer: Finished looking for orphan Actors (0.000 secs)
[2017.10.04-02.17.41:585][379]Cmd: MAP CHECKDEP NOCLEARLOG
[2017.10.04-02.17.41:632][379]MapCheck: Map check complete: 0 Error(s), 0 Warning(s), took 47.528ms to complete.
[2017.10.04-02.17.41:632][379]LogFileHelpers: Loading map 'BattleGround' took 0.205
[2017.10.04-02.17.42:015][392]LogEditorViewport: Clicking on Actor (LMB): StaticMeshActor (Floor)
[2017.10.04-02.17.43:695][440]Cmd: DELETE
[2017.10.04-02.17.43:695][440]Cmd: ACTOR DELETE
[2017.10.04-02.17.43:700][440]LogEditorActor: Deleted Actor: StaticMeshActor
[2017.10.04-02.17.43:713][440]LogEditorActor: Deleted 1 Actors (0.016 secs)
[2017.10.04-02.18.12:076][ 39]LogTexture: Display: Building textures: Texture2D_2 (G8, 128X128)
[2017.10.04-02.18.31:379][250]LogEditorViewport: Clicking on Actor (LMB): BP_Sky_Sphere_C (Sky Sphere)
[2017.10.04-02.18.59:349][  6]LogTexture: Display: Building textures: Texture2D_0 (BGRA8, 512X512)
[2017.10.04-02.18.59:369][  6]LogMaterial: Missing cached shader map for material WorldGridMaterial, compiling. Is special engine material.
[2017.10.04-02.20.50:001][198]Cmd: DELETE
[2017.10.04-02.20.50:002][198]Cmd: ACTOR DELETE
[2017.10.04-02.20.50:003][198]LogEditorActor: Deleted Actor: Landscape
[2017.10.04-02.20.50:053][198]LogEditorActor: Deleted 1 Actors (0.051 secs)
[2017.10.04-02.20.54:708][298]LogTexture: Display: Building textures: Texture2D_3 (G8, 128X128)
[2017.10.04-02.21.07:341][665]LogTexture: Display: Building textures: Texture2D_1 (BGRA8, 512X512)
[2017.10.04-02.22.16:706][923]LogEditorViewport: Clicking on Actor (context menu): Landscape (Landscape1)
[2017.10.04-02.23.07:520][  5]LogTemp: Repeating last play command: Selected Viewport
[2017.10.04-02.23.07:579][  5]LogPlayLevel: PlayLevel: No blueprints needed recompiling
[2017.10.04-02.23.07:582][  5]PIE: New page: PIE session: BattleGround (Oct 3, 2017, 6:23:07 PM)
[2017.10.04-02.23.07:582][  5]LogPlayLevel: Creating play world package: /Game/UEDPIE_0_BattleGround
[2017.10.04-02.23.07:610][  5]LogPlayLevel: PIE: StaticDuplicateObject took: (0.027119s)
[2017.10.04-02.23.07:612][  5]LogAIModule: Creating AISystem for world BattleGround
[2017.10.04-02.23.07:612][  5]LogPlayLevel: PIE: World Init took: (0.001900s)
[2017.10.04-02.23.07:612][  5]LogPlayLevel: PIE: Created PIE world by copying editor world from /Game/BattleGround.BattleGround to /Game/UEDPIE_0_BattleGround.BattleGround (0.029453s)
[2017.10.04-02.23.07:638][  5]LogInit: XAudio2 using 'Speakers / Headphones (Realtek Audio)' : 2 channels at 48 kHz using 32 bits per sample (channel mask 0x3)
[2017.10.04-02.23.07:737][  5]LogInit: FAudioDevice initialized.
[2017.10.04-02.23.07:788][  5]LogLoad: Game class is 'GameModeBase'
[2017.10.04-02.23.07:808][  5]LogWorld: Bringing World /Game/UEDPIE_0_BattleGround.BattleGround up for play (max tick rate 0) at 2017.10.03-22.23.07
[2017.10.04-02.23.07:810][  5]LogWorld: Bringing up level for play took: 0.009055
[2017.10.04-02.23.07:893][  5]LogContentBrowser: Native class hierarchy updated for 'MovieSceneCapture' in 0.0011 seconds. Added 11 classes and 0 folders.
[2017.10.04-02.23.07:901][  5]PIE: Play in editor start time for /Game/UEDPIE_0_BattleGround 0.516
[2017.10.04-02.23.24:882][504]LogSlate: Took 0.000448 seconds to synchronously load lazily loaded font '../../../Engine/Content/Slate/Fonts/Roboto-Light.ttf' (159K)
[2017.10.04-02.23.44:096][ 39]LogEditorViewport: Clicking on Actor (double click): PlayerStart (Player Start)
[2017.10.04-02.23.51:890][199]LogEditorViewport: Clicking on Actor (LMB): PlayerStart (Player Start)
[2017.10.04-02.23.53:913][259]LogNavigationPoint: PostEditMove Clear paths rebuilt
[2017.10.04-02.23.56:399][333]LogNavigationPoint: PostEditMove Clear paths rebuilt
[2017.10.04-02.24.00:509][453]LogNavigationPoint: PostEditMove Clear paths rebuilt
[2017.10.04-02.24.08:711][696]LogNavigationPoint: PostEditMove Clear paths rebuilt
[2017.10.04-02.24.09:798][724]LogTemp: Repeating last play command: Selected Viewport
[2017.10.04-02.24.09:822][724]LogPlayLevel: PlayLevel: No blueprints needed recompiling
[2017.10.04-02.24.09:822][724]PIE: New page: PIE session: BattleGround (Oct 3, 2017, 6:24:09 PM)
[2017.10.04-02.24.09:823][724]LogPlayLevel: Creating play world package: /Game/UEDPIE_0_BattleGround
[2017.10.04-02.24.09:842][724]LogPlayLevel: PIE: StaticDuplicateObject took: (0.019713s)
[2017.10.04-02.24.09:843][724]LogAIModule: Creating AISystem for world BattleGround
[2017.10.04-02.24.09:843][724]LogPlayLevel: PIE: World Init took: (0.001167s)
[2017.10.04-02.24.09:843][724]LogPlayLevel: PIE: Created PIE world by copying editor world from /Game/BattleGround.BattleGround to /Game/UEDPIE_0_BattleGround.BattleGround (0.021214s)
[2017.10.04-02.24.09:871][724]LogInit: XAudio2 using 'Speakers / Headphones (Realtek Audio)' : 2 channels at 48 kHz using 32 bits per sample (channel mask 0x3)
[2017.10.04-02.24.09:967][724]LogInit: FAudioDevice initialized.
[2017.10.04-02.24.10:013][724]LogLoad: Game class is 'GameModeBase'
[2017.10.04-02.24.10:018][724]LogWorld: Bringing World /Game/UEDPIE_0_BattleGround.BattleGround up for play (max tick rate 0) at 2017.10.03-22.24.10
[2017.10.04-02.24.10:018][724]LogWorld: Bringing up level for play took: 0.003954
[2017.10.04-02.24.10:020][724]PIE: Play in editor start time for /Game/UEDPIE_0_BattleGround 0.635
[2017.10.04-02.26.34:872][498]LogEditorViewport: Clicking on Actor (context menu): Landscape (Landscape1)
[2017.10.04-02.26.39:103][606]LogEditorViewport: Clicking on Actor (LMB): Landscape (Landscape1)
[2017.10.04-02.26.49:143][891]LogTemp: Repeating last play command: Selected Viewport
[2017.10.04-02.26.49:152][891]LogPlayLevel: PlayLevel: No blueprints needed recompiling
[2017.10.04-02.26.49:152][891]PIE: New page: PIE session: BattleGround (Oct 3, 2017, 6:26:49 PM)
[2017.10.04-02.26.49:152][891]LogPlayLevel: Creating play world package: /Game/UEDPIE_0_BattleGround
[2017.10.04-02.26.49:164][891]LogPlayLevel: PIE: StaticDuplicateObject took: (0.011562s)
[2017.10.04-02.26.49:165][891]LogAIModule: Creating AISystem for world BattleGround
[2017.10.04-02.26.49:165][891]LogPlayLevel: PIE: World Init took: (0.000748s)
[2017.10.04-02.26.49:165][891]LogPlayLevel: PIE: Created PIE world by copying editor world from /Game/BattleGround.BattleGround to /Game/UEDPIE_0_BattleGround.BattleGround (0.012564s)
[2017.10.04-02.26.49:214][891]LogInit: XAudio2 using 'Speakers / Headphones (Realtek Audio)' : 2 channels at 48 kHz using 32 bits per sample (channel mask 0x3)
[2017.10.04-02.26.49:293][891]LogInit: FAudioDevice initialized.
[2017.10.04-02.26.49:328][891]LogLoad: Game class is 'GameModeBase'
[2017.10.04-02.26.49:332][891]LogWorld: Bringing World /Game/UEDPIE_0_BattleGround.BattleGround up for play (max tick rate 0) at 2017.10.03-22.26.49
[2017.10.04-02.26.49:332][891]LogWorld: Bringing up level for play took: 0.002681
[2017.10.04-02.26.49:333][891]PIE: Play in editor start time for /Game/UEDPIE_0_BattleGround -0.052
[2017.10.04-02.27.14:283][603]LogSlate: Took 0.000451 seconds to synchronously load lazily loaded font '../../../Engine/Content/Slate/Fonts/Roboto-Light.ttf' (159K)
[2017.10.04-02.27.20:015][692]Cmd: OBJ SAVEPACKAGE PACKAGE="/Game/BattleGround" FILE="D:/GitRepos/04_BattleTank/BattleTank/BattleTank/Content/BattleGround.umap" SILENT=true AUTOSAVING=false KEEPDIRTY=false
[2017.10.04-02.27.20:080][692]LogTexture: Display: Building textures: Texture2D_1 (BGRA8, 512X512)
[2017.10.04-02.27.20:384][692]LogSavePackage: Save=338.60ms
[2017.10.04-02.27.20:384][692]LogSavePackage: Moving 'D:/GitRepos/04_BattleTank/BattleTank/BattleTank/Saved/BattleGroundD1EAA6384EB9545C82DC8A95059006E2.tmp' to 'D:/GitRepos/04_BattleTank/BattleTank/BattleTank/Content/BattleGround.umap'
[2017.10.04-02.27.20:388][692]LogSavePackage: Display: Finished SavePackage D:/GitRepos/04_BattleTank/BattleTank/BattleTank/Content/BattleGround.umap
[2017.10.04-02.27.20:415][692]LogFileHelpers: Saving map 'BattleGround' took 0.521
[2017.10.04-02.27.21:790][727]LogWindowsTextInputMethodSystem: Display: IME system now deactivated.
[2017.10.04-02.27.22:089][728]Cmd: QUIT_EDITOR
[2017.10.04-02.27.22:686][728]LogExit: Preparing to exit.
[2017.10.04-02.27.23:607][728]LogExit: Editor shut down
[2017.10.04-02.27.23:619][728]LogExit: Transaction tracking system shut down
[2017.10.04-02.27.23:712][728]LogDirectoryWatcher: A directory notification for '../../../Engine/Content/' was aborted.
[2017.10.04-02.27.23:712][728]LogDirectoryWatcher: A directory notification for 'D:/GitRepos/04_BattleTank/BattleTank/BattleTank/Content/' was aborted.
[2017.10.04-02.27.23:712][728]LogDirectoryWatcher: A directory notification for '../../../Engine/Plugins/2D/Paper2D/Content/' was aborted.
[2017.10.04-02.27.23:712][728]LogDirectoryWatcher: A directory notification for '../../../Engine/Plugins/Runtime/Oculus/OculusVR/Content/' was aborted.
[2017.10.04-02.27.23:712][728]LogDirectoryWatcher: A directory notification for '../../../Engine/Plugins/Runtime/Steam/SteamVR/Content/' was aborted.
[2017.10.04-02.27.23:834][728]LogExit: Object subsystem successfully closed.
[2017.10.04-02.27.23:861][728]LogD3D11RHI: Shutdown
[2017.10.04-02.27.23:861][728]LogD3D11RHI: CleanupD3DDevice
[2017.10.04-02.27.24:022][728]LogD3D11RHI: ~FD3D11DynamicRHI
[2017.10.04-02.27.24:038][728]LogModuleManager: Shutting down and abandoning module MovieSceneCapture (534)
[2017.10.04-02.27.24:038][728]LogModuleManager: Shutting down and abandoning module HierarchicalLODOutliner (532)
[2017.10.04-02.27.24:038][728]LogModuleManager: Shutting down and abandoning module AddContentDialog (530)
[2017.10.04-02.27.24:038][728]LogDirectoryWatcher: A directory notification for 'C:/Program Files/Epic Games/UE_4.17/FeaturePacks/' was aborted.
[2017.10.04-02.27.24:039][728]LogModuleManager: Shutting down and abandoning module WidgetCarousel (529)
[2017.10.04-02.27.24:039][728]LogModuleManager: Shutting down and abandoning module EditorWidgets (526)
[2017.10.04-02.27.24:039][728]LogModuleManager: Shutting down and abandoning module CollectionManager (524)
[2017.10.04-02.27.24:039][728]LogDirectoryWatcher: A directory notification for 'D:/GitRepos/04_BattleTank/BattleTank/BattleTank/Content/Collections/' was aborted.
[2017.10.04-02.27.24:039][728]LogDirectoryWatcher: A directory notification for 'D:/GitRepos/04_BattleTank/BattleTank/BattleTank/Content/Developers/samde/Collections/' was aborted.
[2017.10.04-02.27.24:039][728]LogDirectoryWatcher: A directory notification for 'D:/GitRepos/04_BattleTank/BattleTank/BattleTank/Saved/Collections/' was aborted.
[2017.10.04-02.27.24:039][728]LogModuleManager: Shutting down and abandoning module SceneOutliner (522)
[2017.10.04-02.27.24:039][728]LogModuleManager: Shutting down and abandoning module StatsViewer (520)
[2017.10.04-02.27.24:039][728]LogModuleManager: Shutting down and abandoning module FoliageEdit (518)
[2017.10.04-02.27.24:039][728]LogModuleManager: Shutting down and abandoning module LandscapeEditor (516)
[2017.10.04-02.27.24:039][728]LogModuleManager: Shutting down and abandoning module MeshPaintMode (514)
[2017.10.04-02.27.24:039][728]LogModuleManager: Shutting down and abandoning module SceneDepthPickerMode (512)
[2017.10.04-02.27.24:039][728]LogModuleManager: Shutting down and abandoning module ActorPickerMode (510)
[2017.10.04-02.27.24:039][728]LogModuleManager: Shutting down and abandoning module GeometryMode (508)
[2017.10.04-02.27.24:039][728]LogModuleManager: Shutting down and abandoning module TextureAlignMode (506)
[2017.10.04-02.27.24:039][728]LogModuleManager: Shutting down and abandoning module BspMode (504)
[2017.10.04-02.27.24:039][728]LogModuleManager: Shutting down and abandoning module PIEPreviewDeviceProfileSelector (502)
[2017.10.04-02.27.24:039][728]LogModuleManager: Shutting down and abandoning module HardwareSurvey (500)
[2017.10.04-02.27.24:039][728]LogModuleManager: Shutting down and abandoning module SequenceRecorderSections (498)
[2017.10.04-02.27.24:039][728]LogModuleManager: Shutting down and abandoning module AutomationWorker (496)
[2017.10.04-02.27.24:039][728]LogModuleManager: Shutting down and abandoning module MatineeToLevelSequence (494)
[2017.10.04-02.27.24:039][728]LogModuleManager: Shutting down and abandoning module LevelSequenceEditor (492)
[2017.10.04-02.27.24:039][728]LogModuleManager: Shutting down and abandoning module PlacementMode (491)
[2017.10.04-02.27.24:039][728]LogModuleManager: Shutting down and abandoning module WmfMediaFactory (488)
[2017.10.04-02.27.24:039][728]LogModuleManager: Shutting down and abandoning module WmfMediaEditor (486)
[2017.10.04-02.27.24:039][728]LogModuleManager: Shutting down and abandoning module AvfMediaFactory (484)
[2017.10.04-02.27.24:039][728]LogModuleManager: Shutting down and abandoning module AvfMediaEditor (482)
[2017.10.04-02.27.24:039][728]LogModuleManager: Shutting down and abandoning module AndroidMediaFactory (480)
[2017.10.04-02.27.24:039][728]LogModuleManager: Shutting down and abandoning module Media (479)
[2017.10.04-02.27.24:039][728]LogModuleManager: Shutting down and abandoning module AndroidMediaEditor (476)
[2017.10.04-02.27.24:039][728]LogModuleManager: Shutting down and abandoning module CharacterAI (474)
[2017.10.04-02.27.24:039][728]LogModuleManager: Shutting down and abandoning module AudioCapture (472)
[2017.10.04-02.27.24:039][728]LogModuleManager: Shutting down and abandoning module SequenceRecorder (471)
[2017.10.04-02.27.24:039][728]LogModuleManager: Shutting down and abandoning module SmartSnapping (468)
[2017.10.04-02.27.24:039][728]LogModuleManager: Shutting down and abandoning module SessionServices (466)
[2017.10.04-02.27.24:039][728]LogModuleManager: Shutting down and abandoning module ViewportSnapping (464)
[2017.10.04-02.27.24:039][728]LogModuleManager: Shutting down and abandoning module ViewportInteraction (462)
[2017.10.04-02.27.24:039][728]LogModuleManager: Shutting down and abandoning module ClothPainter (460)
[2017.10.04-02.27.24:039][728]LogModuleManager: Shutting down and abandoning module LogVisualizer (458)
[2017.10.04-02.27.24:039][728]LogModuleManager: Shutting down and abandoning module IntroTutorials (456)
[2017.10.04-02.27.24:040][728]LogModuleManager: Shutting down and abandoning module GameProjectGeneration (455)
[2017.10.04-02.27.24:040][728]LogModuleManager: Shutting down and abandoning module IOSPlatformEditor (452)
[2017.10.04-02.27.24:040][728]LogModuleManager: Shutting down and abandoning module HTML5PlatformEditor (450)
[2017.10.04-02.27.24:040][728]LogModuleManager: Shutting down and abandoning module AndroidPlatformEditor (448)
[2017.10.04-02.27.24:040][728]LogModuleManager: Shutting down and abandoning module AndroidDeviceDetection (447)
[2017.10.04-02.27.24:903][728]LogModuleManager: Shutting down and abandoning module WindowsPlatformEditor (444)
[2017.10.04-02.27.24:903][728]LogModuleManager: Shutting down and abandoning module IOSRuntimeSettings (442)
[2017.10.04-02.27.24:903][728]LogModuleManager: Shutting down and abandoning module AndroidRuntimeSettings (440)
[2017.10.04-02.27.24:903][728]LogModuleManager: Shutting down and abandoning module InputBindingEditor (438)
[2017.10.04-02.27.24:903][728]LogModuleManager: Shutting down and abandoning module MergeActors (436)
[2017.10.04-02.27.24:903][728]LogModuleManager: Shutting down and abandoning module SizeMap (434)
[2017.10.04-02.27.24:903][728]LogModuleManager: Shutting down and abandoning module TreeMap (432)
[2017.10.04-02.27.24:903][728]LogModuleManager: Shutting down and abandoning module ReferenceViewer (430)
[2017.10.04-02.27.24:903][728]LogModuleManager: Shutting down and abandoning module LocalizationDashboard (428)
[2017.10.04-02.27.24:904][728]LogModuleManager: Shutting down and abandoning module LocalizationService (427)
[2017.10.04-02.27.24:904][728]LogModuleManager: Shutting down and abandoning module HardwareTargeting (424)
[2017.10.04-02.27.24:904][728]LogModuleManager: Shutting down and abandoning module DeviceProfileEditor (422)
[2017.10.04-02.27.24:904][728]LogModuleManager: Shutting down and abandoning module UndoHistory (420)
[2017.10.04-02.27.24:904][728]LogModuleManager: Shutting down and abandoning module XmlParser (418)
[2017.10.04-02.27.24:904][728]LogModuleManager: Shutting down and abandoning module Blutility (416)
[2017.10.04-02.27.24:904][728]LogModuleManager: Shutting down and abandoning module ProjectSettingsViewer (414)
[2017.10.04-02.27.24:904][728]LogModuleManager: Shutting down and abandoning module ProjectTargetPlatformEditor (413)
[2017.10.04-02.27.24:905][728]LogModuleManager: Shutting down and abandoning module EditorSettingsViewer (410)
[2017.10.04-02.27.24:905][728]LogModuleManager: Shutting down and abandoning module SettingsEditor (408)
[2017.10.04-02.27.24:905][728]LogModuleManager: Shutting down and abandoning module ProjectLauncher (406)
[2017.10.04-02.27.24:905][728]LogModuleManager: Shutting down and abandoning module SessionFrontend (404)
[2017.10.04-02.27.24:905][728]LogModuleManager: Shutting down and abandoning module ProfilerClient (402)
[2017.10.04-02.27.24:905][728]LogModuleManager: Shutting down and abandoning module DeviceManager (400)
[2017.10.04-02.27.24:905][728]LogModuleManager: Shutting down and abandoning module TargetDeviceServices (399)
[2017.10.04-02.27.24:959][728]LogModuleManager: Shutting down and abandoning module AutomationController (396)
[2017.10.04-02.27.24:959][728]LogModuleManager: Shutting down and abandoning module AutomationWindow (394)
[2017.10.04-02.27.24:959][728]LogModuleManager: Shutting down and abandoning module Layers (392)
[2017.10.04-02.27.24:959][728]LogModuleManager: Shutting down and abandoning module ComponentVisualizers (390)
[2017.10.04-02.27.24:959][728]LogModuleManager: Shutting down and abandoning module DetailCustomizations (388)
[2017.10.04-02.27.24:959][728]LogModuleManager: Shutting down and abandoning module PackagesDialog (386)
[2017.10.04-02.27.24:960][728]LogModuleManager: Shutting down and abandoning module Persona (384)
[2017.10.04-02.27.24:960][728]LogModuleManager: Shutting down and abandoning module AdvancedPreviewScene (383)
[2017.10.04-02.27.24:960][728]LogModuleManager: Shutting down and abandoning module AnimGraph (381)
[2017.10.04-02.27.24:960][728]LogModuleManager: Shutting down and abandoning module Kismet (378)
[2017.10.04-02.27.24:961][728]LogModuleManager: Shutting down and abandoning module ClassViewer (376)
[2017.10.04-02.27.24:961][728]LogModuleManager: Shutting down and abandoning module Toolbox (374)
[2017.10.04-02.27.24:961][728]LogModuleManager: Shutting down and abandoning module ModuleUI (372)
[2017.10.04-02.27.24:961][728]LogModuleManager: Shutting down and abandoning module MovieSceneTools (370)
[2017.10.04-02.27.24:961][728]LogModuleManager: Shutting down and abandoning module OutputLog (368)
[2017.10.04-02.27.24:961][728]LogModuleManager: Shutting down and abandoning module GammaUI (366)
[2017.10.04-02.27.24:961][728]LogModuleManager: Shutting down and abandoning module Documentation (364)
[2017.10.04-02.27.24:961][728]LogModuleManager: Shutting down and abandoning module MovieSceneTracks (362)
[2017.10.04-02.27.24:962][728]LogModuleManager: Shutting down and abandoning module MovieScene (360)
[2017.10.04-02.27.24:962][728]LogModuleManager: Shutting down and abandoning module Niagara (358)
[2017.10.04-02.27.24:962][728]LogModuleManager: Shutting down and abandoning module NiagaraEditor (357)
[2017.10.04-02.27.24:962][728]LogModuleManager: Shutting down and abandoning module StreamingPauseRendering (354)
[2017.10.04-02.27.24:962][728]LogModuleManager: Shutting down and abandoning module LauncherPlatform (352)
[2017.10.04-02.27.24:962][728]LogModuleManager: Shutting down and abandoning module AnalyticsET (350)
[2017.10.04-02.27.24:962][728]LogModuleManager: Shutting down and abandoning module PortalServices (348)
[2017.10.04-02.27.24:962][728]LogModuleManager: Shutting down and abandoning module PortalRpc (346)
[2017.10.04-02.27.24:962][728]LogModuleManager: Shutting down and abandoning module MessagingRpc (344)
[2017.10.04-02.27.24:962][728]LogModuleManager: Shutting down and abandoning module AIModule (342)
[2017.10.04-02.27.24:962][728]LogModuleManager: Shutting down and abandoning module GameplayDebugger (341)
[2017.10.04-02.27.24:962][728]LogModuleManager: Shutting down and abandoning module AITestSuite (339)
[2017.10.04-02.27.24:962][728]LogModuleManager: Shutting down and abandoning module ProfilerService (336)
[2017.10.04-02.27.25:202][728]LogModuleManager: Shutting down and abandoning module TaskGraph (334)
[2017.10.04-02.27.25:202][728]LogModuleManager: Shutting down and abandoning module SteamVRController (332)
[2017.10.04-02.27.25:202][728]LogModuleManager: Shutting down and abandoning module ProceduralMeshComponentEditor (330)
[2017.10.04-02.27.25:202][728]LogModuleManager: Shutting down and abandoning module ProceduralMeshComponent (328)
[2017.10.04-02.27.25:202][728]LogModuleManager: Shutting down and abandoning module OculusInput (326)
[2017.10.04-02.27.25:202][728]LogModuleManager: Shutting down and abandoning module MobilePatchingUtils (324)
[2017.10.04-02.27.25:202][728]LogModuleManager: Shutting down and abandoning module CustomMeshComponent (322)
[2017.10.04-02.27.25:202][728]LogModuleManager: Shutting down and abandoning module CableComponent (320)
[2017.10.04-02.27.25:202][728]LogModuleManager: Shutting down and abandoning module ArchVisCharacter (318)
[2017.10.04-02.27.25:202][728]LogModuleManager: Shutting down and abandoning module AndroidPermission (316)
[2017.10.04-02.27.25:202][728]LogModuleManager: Shutting down and abandoning module MediaPlayerEditor (312)
[2017.10.04-02.27.25:203][728]LogModuleManager: Shutting down and abandoning module HTML5Networking (310)
[2017.10.04-02.27.25:203][728]LogModuleManager: Shutting down and abandoning module AlembicImporter (308)
[2017.10.04-02.27.25:203][728]LogModuleManager: Shutting down and abandoning module AlembicLibrary (307)
[2017.10.04-02.27.25:203][728]LogModuleManager: Shutting down and abandoning module GeometryCache (306)
[2017.10.04-02.27.25:203][728]LogModuleManager: Shutting down and abandoning module GeometryCacheEd (305)
[2017.10.04-02.27.25:203][728]LogModuleManager: Shutting down and abandoning module SpeedTreeImporter (300)
[2017.10.04-02.27.25:203][728]LogModuleManager: Shutting down and abandoning module PluginBrowser (298)
[2017.10.04-02.27.25:203][728]LogModuleManager: Shutting down and abandoning module MobileLauncherProfileWizard (296)
[2017.10.04-02.27.25:203][728]LogModuleManager: Shutting down and abandoning module VisualStudioSourceCodeAccess (294)
[2017.10.04-02.27.25:203][728]LogModuleManager: Shutting down and abandoning module DesktopPlatform (293)
[2017.10.04-02.27.25:203][728]LogModuleManager: Shutting down and abandoning module UObjectPlugin (290)
[2017.10.04-02.27.25:203][728]LogModuleManager: Shutting down and abandoning module SubversionSourceControl (288)
[2017.10.04-02.27.25:204][728]LogModuleManager: Shutting down and abandoning module PerforceSourceControl (286)
[2017.10.04-02.27.25:204][728]LogModuleManager: Shutting down and abandoning module GitSourceControl (284)
[2017.10.04-02.27.25:204][728]LogModuleManager: Shutting down and abandoning module SourceControl (283)
[2017.10.04-02.27.25:204][728]LogModuleManager: Shutting down and abandoning module LightPropagationVolumeEditor (280)
[2017.10.04-02.27.25:204][728]LogModuleManager: Shutting down and abandoning module PaperTiledImporter (278)
[2017.10.04-02.27.25:204][728]LogModuleManager: Shutting down and abandoning module PaperSpriteSheetImporter (276)
[2017.10.04-02.27.25:204][728]LogModuleManager: Shutting down and abandoning module Paper2DEditor (274)
[2017.10.04-02.27.25:204][728]LogModuleManager: Shutting down and abandoning module MeshPaint (273)
[2017.10.04-02.27.25:204][728]LogModuleManager: Shutting down and abandoning module LevelEditor (271)
[2017.10.04-02.27.25:206][728]LogModuleManager: Shutting down and abandoning module PixelInspectorModule (270)
[2017.10.04-02.27.25:206][728]LogModuleManager: Shutting down and abandoning module MainFrame (268)
[2017.10.04-02.27.25:207][728]LogModuleManager: Shutting down and abandoning module HotReload (267)
[2017.10.04-02.27.25:207][728]LogDirectoryWatcher: A directory notification for 'D:/GitRepos/04_BattleTank/BattleTank/BattleTank/Binaries/Win64' was aborted.
[2017.10.04-02.27.25:208][728]LogModuleManager: Shutting down and abandoning module BattleTank (262)
[2017.10.04-02.27.25:208][728]LogModuleManager: Shutting down and abandoning module RuntimePhysXCooking (260)
[2017.10.04-02.27.25:208][728]LogModuleManager: Shutting down and abandoning module PhysXVehiclesEditor (258)
[2017.10.04-02.27.25:208][728]LogModuleManager: Shutting down and abandoning module PhysXVehicles (256)
[2017.10.04-02.27.25:208][728]LogModuleManager: Shutting down and abandoning module OculusEditor (254)
[2017.10.04-02.27.25:208][728]LogModuleManager: Shutting down and abandoning module LocationServicesBPLibrary (252)
[2017.10.04-02.27.25:208][728]LogModuleManager: Shutting down and abandoning module ImmediatePhysicsEditor (250)
[2017.10.04-02.27.25:208][728]LogModuleManager: Shutting down and abandoning module ImmediatePhysics (248)
[2017.10.04-02.27.25:208][728]LogModuleManager: Shutting down and abandoning module UdpMessaging (246)
[2017.10.04-02.27.25:309][728]LogModuleManager: Shutting down and abandoning module TcpMessaging (244)
[2017.10.04-02.27.25:410][728]LogModuleManager: Shutting down and abandoning module GameplayTagsEditor (242)
[2017.10.04-02.27.25:410][728]LogModuleManager: Shutting down and abandoning module FacialAnimationEditor (240)
[2017.10.04-02.27.25:410][728]LogModuleManager: Shutting down and abandoning module FacialAnimation (238)
[2017.10.04-02.27.25:410][728]LogModuleManager: Shutting down and abandoning module AssetManagerEditor (236)
[2017.10.04-02.27.25:410][728]LogModuleManager: Shutting down and abandoning module GraphEditor (235)
[2017.10.04-02.27.25:410][728]LogModuleManager: Shutting down and abandoning module ContentBrowser (233)
[2017.10.04-02.27.25:413][728]LogModuleManager: Shutting down and abandoning module LightPropagationVolumeRuntime (230)
[2017.10.04-02.27.25:413][728]LogModuleManager: Shutting down and abandoning module Paper2D (228)
[2017.10.04-02.27.25:413][728]LogModuleManager: Shutting down and abandoning module WindowsMoviePlayer (226)
[2017.10.04-02.27.25:413][728]LogModuleManager: Shutting down and abandoning module WmfMedia (224)
[2017.10.04-02.27.25:414][728]LogModuleManager: Shutting down and abandoning module PacketHandler (222)
[2017.10.04-02.27.25:414][728]LogModuleManager: Shutting down and abandoning module ClothingSystemEditor (220)
[2017.10.04-02.27.25:414][728]LogModuleManager: Shutting down and abandoning module ClothingSystemRuntime (218)
[2017.10.04-02.27.25:414][728]LogModuleManager: Shutting down and abandoning module Overlay (216)
[2017.10.04-02.27.25:414][728]LogModuleManager: Shutting down and abandoning module OverlayEditor (215)
[2017.10.04-02.27.25:414][728]LogModuleManager: Shutting down and abandoning module MediaAssets (212)
[2017.10.04-02.27.25:414][728]LogModuleManager: Shutting down and abandoning module VREditor (210)
[2017.10.04-02.27.25:414][728]LogModuleManager: Shutting down and abandoning module StringTableEditor (208)
[2017.10.04-02.27.25:414][728]LogModuleManager: Shutting down and abandoning module GameplayTasksEditor (206)
[2017.10.04-02.27.25:414][728]LogModuleManager: Shutting down and abandoning module BehaviorTreeEditor (204)
[2017.10.04-02.27.25:414][728]LogModuleManager: Shutting down and abandoning module FunctionalTesting (202)
[2017.10.04-02.27.25:414][728]LogModuleManager: Shutting down and abandoning module CollisionAnalyzer (200)
[2017.10.04-02.27.25:415][728]LogModuleManager: Shutting down and abandoning module WorkspaceMenuStructure (199)
[2017.10.04-02.27.25:415][728]LogModuleManager: Shutting down and abandoning module UMG (196)
[2017.10.04-02.27.25:415][728]LogModuleManager: Shutting down and abandoning module UMGEditor (195)
[2017.10.04-02.27.25:415][728]LogModuleManager: Shutting down and abandoning module Sequencer (194)
[2017.10.04-02.27.25:415][728]LogModuleManager: Shutting down and abandoning module MessageLog (191)
[2017.10.04-02.27.25:415][728]LogModuleManager: Shutting down and abandoning module SlateReflector (186)
[2017.10.04-02.27.25:415][728]LogModuleManager: Shutting down and abandoning module Slate (184)
[2017.10.04-02.27.25:415][728]LogModuleManager: Shutting down and abandoning module EditorStyle (182)
[2017.10.04-02.27.25:422][728]LogModuleManager: Shutting down and abandoning module MRMesh (180)
[2017.10.04-02.27.25:422][728]LogModuleManager: Shutting down and abandoning module SourceCodeAccess (178)
[2017.10.04-02.27.25:422][728]LogModuleManager: Shutting down and abandoning module HeadMountedDisplay (176)
[2017.10.04-02.27.25:423][728]LogModuleManager: Shutting down and abandoning module XAudio2 (174)
[2017.10.04-02.27.25:423][728]LogModuleManager: Shutting down and abandoning module Networking (172)
[2017.10.04-02.27.25:423][728]LogModuleManager: Shutting down and abandoning module Core (168)
[2017.10.04-02.27.25:423][728]LogModuleManager: Shutting down and abandoning module KismetCompiler (164)
[2017.10.04-02.27.25:423][728]LogModuleManager: Shutting down and abandoning module LevelSequence (162)
[2017.10.04-02.27.25:423][728]LogModuleManager: Shutting down and abandoning module MeshUtilities (160)
[2017.10.04-02.27.25:423][728]LogModuleManager: Shutting down and abandoning module MeshMergeUtilities (159)
[2017.10.04-02.27.25:423][728]LogModuleManager: Shutting down and abandoning module MeshReductionInterface (158)
[2017.10.04-02.27.25:423][728]LogModuleManager: Shutting down and abandoning module SimplygonSwarm (157)
[2017.10.04-02.27.25:423][728]LogModuleManager: Shutting down and abandoning module SimplygonMeshReduction (155)
[2017.10.04-02.27.25:423][728]LogModuleManager: Shutting down and abandoning module QuadricMeshReduction (153)
[2017.10.04-02.27.25:423][728]LogModuleManager: Shutting down and abandoning module MaterialBaking (149)
[2017.10.04-02.27.25:423][728]LogModuleManager: Shutting down and abandoning module DirectoryWatcher (146)
[2017.10.04-02.27.25:429][728]LogModuleManager: Shutting down and abandoning module DerivedDataCache (144)
[2017.10.04-02.27.25:513][728]LogDerivedDataCache: Shutdown
[2017.10.04-02.27.25:514][728]LogModuleManager: Shutting down and abandoning module TargetPlatform (142)
[2017.10.04-02.27.25:514][728]LogModuleManager: Shutting down and abandoning module VulkanShaderFormat (141)
[2017.10.04-02.27.25:514][728]LogModuleManager: Shutting down and abandoning module ShaderFormatVectorVM (139)
[2017.10.04-02.27.25:514][728]LogModuleManager: Shutting down and abandoning module ShaderFormatOpenGL (137)
[2017.10.04-02.27.25:514][728]LogModuleManager: Shutting down and abandoning module ShaderFormatD3D (135)
[2017.10.04-02.27.25:514][728]LogModuleManager: Shutting down and abandoning module MetalShaderFormat (133)
[2017.10.04-02.27.25:514][728]LogModuleManager: Shutting down and abandoning module TextureFormatUncompressed (131)
[2017.10.04-02.27.25:514][728]LogModuleManager: Shutting down and abandoning module TextureFormatPVR (129)
[2017.10.04-02.27.25:514][728]LogModuleManager: Shutting down and abandoning module TextureFormatDXT (127)
[2017.10.04-02.27.25:514][728]LogModuleManager: Shutting down and abandoning module TextureFormatIntelISPCTexComp (125)
[2017.10.04-02.27.25:514][728]LogModuleManager: Shutting down and abandoning module TextureFormatASTC (123)
[2017.10.04-02.27.25:514][728]LogModuleManager: Shutting down and abandoning module ImageWrapper (122)
[2017.10.04-02.27.25:514][728]LogModuleManager: Shutting down and abandoning module TextureFormatAndroid (119)
[2017.10.04-02.27.25:514][728]LogModuleManager: Shutting down and abandoning module AudioFormatOpus (117)
[2017.10.04-02.27.25:514][728]LogModuleManager: Shutting down and abandoning module AudioFormatOgg (115)
[2017.10.04-02.27.25:514][728]LogModuleManager: Shutting down and abandoning module AudioFormatADPCM (113)
[2017.10.04-02.27.25:514][728]LogModuleManager: Shutting down and abandoning module LinuxTargetPlatform (111)
[2017.10.04-02.27.25:514][728]LogModuleManager: Shutting down and abandoning module LinuxServerTargetPlatform (109)
[2017.10.04-02.27.25:514][728]LogModuleManager: Shutting down and abandoning module LinuxNoEditorTargetPlatform (107)
[2017.10.04-02.27.25:514][728]LogModuleManager: Shutting down and abandoning module LinuxClientTargetPlatform (105)
[2017.10.04-02.27.25:514][728]LogModuleManager: Shutting down and abandoning module TVOSTargetPlatform (103)
[2017.10.04-02.27.25:514][728]LogModuleManager: Shutting down and abandoning module Messaging (101)
[2017.10.04-02.27.25:514][728]LogModuleManager: Shutting down and abandoning module IOSTargetPlatform (99)
[2017.10.04-02.27.25:514][728]LogModuleManager: Shutting down and abandoning module HTML5TargetPlatform (97)
[2017.10.04-02.27.25:515][728]LogModuleManager: Shutting down and abandoning module Android_PVRTCTargetPlatform (95)
[2017.10.04-02.27.25:515][728]LogModuleManager: Shutting down and abandoning module Android_MultiTargetPlatform (93)
[2017.10.04-02.27.25:515][728]LogModuleManager: Shutting down and abandoning module Android_ETC2TargetPlatform (91)
[2017.10.04-02.27.25:515][728]LogModuleManager: Shutting down and abandoning module Android_ETC1TargetPlatform (89)
[2017.10.04-02.27.25:515][728]LogModuleManager: Shutting down and abandoning module Android_DXTTargetPlatform (87)
[2017.10.04-02.27.25:515][728]LogModuleManager: Shutting down and abandoning module Android_ATCTargetPlatform (85)
[2017.10.04-02.27.25:515][728]LogModuleManager: Shutting down and abandoning module Android_ASTCTargetPlatform (83)
[2017.10.04-02.27.25:515][728]LogModuleManager: Shutting down and abandoning module AndroidTargetPlatform (81)
[2017.10.04-02.27.25:515][728]LogModuleManager: Shutting down and abandoning module WindowsTargetPlatform (79)
[2017.10.04-02.27.25:515][728]LogModuleManager: Shutting down and abandoning module WindowsServerTargetPlatform (77)
[2017.10.04-02.27.25:515][728]LogModuleManager: Shutting down and abandoning module WindowsNoEditorTargetPlatform (75)
[2017.10.04-02.27.25:515][728]LogModuleManager: Shutting down and abandoning module WindowsClientTargetPlatform (73)
[2017.10.04-02.27.25:515][728]LogModuleManager: Shutting down and abandoning module MacTargetPlatform (71)
[2017.10.04-02.27.25:515][728]LogModuleManager: Shutting down and abandoning module MacServerTargetPlatform (69)
[2017.10.04-02.27.25:515][728]LogModuleManager: Shutting down and abandoning module MacNoEditorTargetPlatform (67)
[2017.10.04-02.27.25:515][728]LogModuleManager: Shutting down and abandoning module MacClientTargetPlatform (65)
[2017.10.04-02.27.25:515][728]LogModuleManager: Shutting down and abandoning module AllDesktopTargetPlatform (63)
[2017.10.04-02.27.25:515][728]LogModuleManager: Shutting down and abandoning module InputCore (60)
[2017.10.04-02.27.25:515][728]LogModuleManager: Shutting down and abandoning module Settings (58)
[2017.10.04-02.27.25:515][728]LogModuleManager: Shutting down and abandoning module PhysXCooking (56)
[2017.10.04-02.27.25:516][728]LogModuleManager: Shutting down and abandoning module SteamVR (54)
[2017.10.04-02.27.25:516][728]LogModuleManager: Shutting down and abandoning module OculusHMD (52)
[2017.10.04-02.27.25:516][728]LogModuleManager: Shutting down and abandoning module ExampleDeviceProfileSelector (50)
[2017.10.04-02.27.25:516][728]LogModuleManager: Shutting down and abandoning module OnlineBlueprintSupport (48)
[2017.10.04-02.27.25:516][728]LogModuleManager: Shutting down and abandoning module OnlineSubsystem (44)
[2017.10.04-02.27.25:516][728]LogOnline: Display: Unloading online subsystem: NULL
[2017.10.04-02.27.25:516][728]LogModuleManager: Shutting down and abandoning module XMPP (43)
[2017.10.04-02.27.25:516][728]LogModuleManager: Shutting down and abandoning module HTTP (41)
[2017.10.04-02.27.25:516][728]LogHttp: Display: Http module shutting down, but needs to wait on 1 outstanding Http requests:
[2017.10.04-02.27.25:516][728]LogHttp: Display: 	verb=[POST] url=[https://datarouter.ol.epicgames.com/datarouter/api/v1/public/data?SessionID=%7B58E5F975-4F94-F4FE-C245-C8AAE8AC1FDC%7D&AppID=UEEditor.Rocket.Release&AppVersion=4.17.1-3586342%2B%2B%2BUE4%2BRelease-4.17&UserID=af6ff519447c80e88e60fc858a0d5417%7C4952f74d67ed4e98b2222f3a2f5aa65f%7C4d97e19b-7973-489f-a6b5-4e827266a37e&AppEnvironment=datacollector-binary&UploadType=eteventstream] status=Processing
[2017.10.04-02.27.25:525][728]LogModuleManager: Shutting down and abandoning module SSL (40)
[2017.10.04-02.27.25:529][728]LogModuleManager: Shutting down and abandoning module AnimationModifiers (36)
[2017.10.04-02.27.25:529][728]LogModuleManager: Shutting down and abandoning module PropertyEditor (35)
[2017.10.04-02.27.25:529][728]LogModuleManager: Shutting down and abandoning module AudioEditor (32)
[2017.10.04-02.27.25:529][728]LogModuleManager: Shutting down and abandoning module TextureCompressor (30)
[2017.10.04-02.27.25:529][728]LogModuleManager: Shutting down and abandoning module ShaderCore (28)
[2017.10.04-02.27.25:529][728]LogModuleManager: Shutting down and abandoning module Landscape (26)
[2017.10.04-02.27.25:529][728]LogModuleManager: Shutting down and abandoning module SlateRHIRenderer (24)
[2017.10.04-02.27.25:532][728]LogModuleManager: Shutting down and abandoning module OpenGLDrv (22)
[2017.10.04-02.27.25:532][728]LogModuleManager: Shutting down and abandoning module D3D11RHI (20)
[2017.10.04-02.27.25:532][728]LogModuleManager: Shutting down and abandoning module AnimGraphRuntime (18)
[2017.10.04-02.27.25:532][728]LogModuleManager: Shutting down and abandoning module Renderer (16)
[2017.10.04-02.27.25:532][728]LogModuleManager: Shutting down and abandoning module Engine (14)
[2017.10.04-02.27.25:532][728]LogModuleManager: Shutting down and abandoning module CoreUObject (12)
[2017.10.04-02.27.25:532][728]LogModuleManager: Shutting down and abandoning module NetworkFile (10)
[2017.10.04-02.27.25:532][728]LogModuleManager: Shutting down and abandoning module CookedIterativeFile (8)
[2017.10.04-02.27.25:532][728]LogModuleManager: Shutting down and abandoning module StreamingFile (6)
[2017.10.04-02.27.25:532][728]LogModuleManager: Shutting down and abandoning module SandboxFile (4)
[2017.10.04-02.27.25:532][728]LogModuleManager: Shutting down and abandoning module PakFile (2)
[2017.10.04-02.27.25:541][728]LogExit: Exiting.
[2017.10.04-02.27.25:571][728]Log file closed, 10/03/17 22:27:25
